<?xml version="1.0" encoding="UTF-8"?>
<testng-results skipped="0" failed="0" total="1" passed="1">
  <reporter-output>
  </reporter-output>
  <suite name="Default suite" duration-ms="43914" started-at="2021-06-01T03:03:51Z" finished-at="2021-06-01T03:04:35Z">
    <groups>
    </groups>
    <test name="Default test" duration-ms="43914" started-at="2021-06-01T03:03:51Z" finished-at="2021-06-01T03:04:35Z">
      <class name="com.qa.testngBasics.SpicejetTest">
        <test-method status="PASS" signature="setUP()[pri:0, instance:com.qa.testngBasics.SpicejetTest@ea4a92b]" name="setUP" is-config="true" duration-ms="29139" started-at="2021-06-01T08:33:51Z" finished-at="2021-06-01T08:34:20Z">
          <reporter-output>
          </reporter-output>
        </test-method> <!-- setUP -->
        <test-method status="PASS" signature="spicejetLoginPageTest()[pri:0, instance:com.qa.testngBasics.SpicejetTest@ea4a92b]" name="spicejetLoginPageTest" duration-ms="13731" started-at="2021-06-01T08:34:20Z" finished-at="2021-06-01T08:34:34Z">
          <reporter-output>
          </reporter-output>
        </test-method> <!-- spicejetLoginPageTest -->
        <test-method status="PASS" signature="tearDown()[pri:0, instance:com.qa.testngBasics.SpicejetTest@ea4a92b]" name="tearDown" is-config="true" duration-ms="1015" started-at="2021-06-01T08:34:34Z" finished-at="2021-06-01T08:34:35Z">
          <reporter-output>
          </reporter-output>
        </test-method> <!-- tearDown -->
      </class> <!-- com.qa.testngBasics.SpicejetTest -->
    </test> <!-- Default test -->
  </suite> <!-- Default suite -->
</testng-results>
