<?xml version="1.0" encoding="UTF-8"?>
<testng-results skipped="0" failed="0" total="2" passed="2">
  <reporter-output>
  </reporter-output>
  <suite name="Default suite" duration-ms="28945" started-at="2021-03-18T04:37:36Z" finished-at="2021-03-18T04:38:05Z">
    <groups>
    </groups>
    <test name="Default test" duration-ms="28945" started-at="2021-03-18T04:37:36Z" finished-at="2021-03-18T04:38:05Z">
      <class name="com.qa.testngBasics.GoogleTest">
        <test-method status="PASS" signature="setUP()[pri:0, instance:com.qa.testngBasics.GoogleTest@ea4a92b]" name="setUP" is-config="true" duration-ms="9130" started-at="2021-03-18T10:07:36Z" finished-at="2021-03-18T10:07:45Z">
          <reporter-output>
          </reporter-output>
        </test-method> <!-- setUP -->
        <test-method status="PASS" signature="googleGmaiTest()[pri:0, instance:com.qa.testngBasics.GoogleTest@ea4a92b]" name="googleGmaiTest" duration-ms="5216" started-at="2021-03-18T10:07:45Z" finished-at="2021-03-18T10:07:50Z">
          <reporter-output>
          </reporter-output>
        </test-method> <!-- googleGmaiTest -->
        <test-method status="PASS" signature="tearDown()[pri:0, instance:com.qa.testngBasics.GoogleTest@ea4a92b]" name="tearDown" is-config="true" duration-ms="155" started-at="2021-03-18T10:07:50Z" finished-at="2021-03-18T10:07:50Z">
          <reporter-output>
          </reporter-output>
        </test-method> <!-- tearDown -->
        <test-method status="PASS" signature="setUP()[pri:0, instance:com.qa.testngBasics.GoogleTest@ea4a92b]" name="setUP" is-config="true" duration-ms="7759" started-at="2021-03-18T10:07:50Z" finished-at="2021-03-18T10:07:58Z">
          <reporter-output>
          </reporter-output>
        </test-method> <!-- setUP -->
        <test-method status="PASS" signature="imagesLinkTest()[pri:0, instance:com.qa.testngBasics.GoogleTest@ea4a92b]" name="imagesLinkTest" duration-ms="2346" started-at="2021-03-18T10:07:58Z" finished-at="2021-03-18T10:08:00Z">
          <reporter-output>
          </reporter-output>
        </test-method> <!-- imagesLinkTest -->
        <test-method status="PASS" signature="tearDown()[pri:0, instance:com.qa.testngBasics.GoogleTest@ea4a92b]" name="tearDown" is-config="true" duration-ms="4322" started-at="2021-03-18T10:08:00Z" finished-at="2021-03-18T10:08:05Z">
          <reporter-output>
          </reporter-output>
        </test-method> <!-- tearDown -->
      </class> <!-- com.qa.testngBasics.GoogleTest -->
    </test> <!-- Default test -->
  </suite> <!-- Default suite -->
</testng-results>
